# JRE version: OpenJDK Runtime Environment (8.0_152-b02) (build 1.8.0_152-release-1024-b02)
# Java VM: OpenJDK 64-Bit Server VM (25.152-b02 mixed mode windows-amd64 compressed oops)
Heap:
 PSYoungGen      total 496128K, used 496116K [0x00000000e0000000, 0x0000000100000000, 0x0000000100000000)
  eden space 467968K, 100% used [0x00000000e0000000,0x00000000fc900000,0x00000000fc900000)
  from space 28160K, 99% used [0x00000000fc900000,0x00000000fe47d3b8,0x00000000fe480000)
  to   space 28160K, 99% used [0x00000000fe480000,0x00000000ffffa938,0x0000000100000000)
 ParOldGen       total 159744K, used 159742K [0x00000000a0000000, 0x00000000a9c00000, 0x00000000e0000000)
  object space 159744K, 99% used [0x00000000a0000000,0x00000000a9bff8d0,0x00000000a9c00000)
 Metaspace       used 86048K, capacity 90244K, committed 90368K, reserved 1128448K
  class space    used 10889K, capacity 11766K, committed 11776K, reserved 1048576K
GC Heap History (10 events):
Event: 417.180 GC heap after
Heap after GC invocations=22 (full 4):
 PSYoungGen      total 495104K, used 17221K [0x00000000e0000000, 0x0000000100000000, 0x0000000100000000)
  eden space 467968K, 0% used [0x00000000e0000000,0x00000000e0000000,0x00000000fc900000)
  from space 27136K, 63% used [0x00000000fe580000,0x00000000ff651608,0x0000000100000000)
  to   space 28160K, 0% used [0x00000000fc900000,0x00000000fc900000,0x00000000fe480000)
 ParOldGen       total 102912K, used 89895K [0x00000000a0000000, 0x00000000a6480000, 0x00000000e0000000)
  object space 102912K, 87% used [0x00000000a0000000,0x00000000a57c9e70,0x00000000a6480000)
 Metaspace       used 74602K, capacity 77618K, committed 77696K, reserved 1116160K
  class space    used 9583K, capacity 10298K, committed 10368K, reserved 1048576K
}
Event: 417.180 GC heap before
{Heap before GC invocations=23 (full 5):
 PSYoungGen      total 495104K, used 17221K [0x00000000e0000000, 0x0000000100000000, 0x0000000100000000)
  eden space 467968K, 0% used [0x00000000e0000000,0x00000000e0000000,0x00000000fc900000)
  from space 27136K, 63% used [0x00000000fe580000,0x00000000ff651608,0x0000000100000000)
  to   space 28160K, 0% used [0x00000000fc900000,0x00000000fc900000,0x00000000fe480000)
 ParOldGen       total 102912K, used 89895K [0x00000000a0000000, 0x00000000a6480000, 0x00000000e0000000)
  object space 102912K, 87% used [0x00000000a0000000,0x00000000a57c9e70,0x00000000a6480000)
 Metaspace       used 74602K, capacity 77618K, committed 77696K, reserved 1116160K
  class space    used 9583K, capacity 10298K, committed 10368K, reserved 1048576K
Event: 417.524 GC heap after
Heap after GC invocations=23 (full 5):
 PSYoungGen      total 495104K, used 0K [0x00000000e0000000, 0x0000000100000000, 0x0000000100000000)
  eden space 467968K, 0% used [0x00000000e0000000,0x00000000e0000000,0x00000000fc900000)
  from space 27136K, 0% used [0x00000000fe580000,0x00000000fe580000,0x0000000100000000)
  to   space 28160K, 0% used [0x00000000fc900000,0x00000000fc900000,0x00000000fe480000)
 ParOldGen       total 139776K, used 78685K [0x00000000a0000000, 0x00000000a8880000, 0x00000000e0000000)
  object space 139776K, 56% used [0x00000000a0000000,0x00000000a4cd76c0,0x00000000a8880000)
 Metaspace       used 74602K, capacity 77618K, committed 77696K, reserved 1116160K
  class space    used 9583K, capacity 10298K, committed 10368K, reserved 1048576K
}
Event: 421.274 GC heap before
{Heap before GC invocations=24 (full 5):
 PSYoungGen      total 495104K, used 467968K [0x00000000e0000000, 0x0000000100000000, 0x0000000100000000)
  eden space 467968K, 100% used [0x00000000e0000000,0x00000000fc900000,0x00000000fc900000)
  from space 27136K, 0% used [0x00000000fe580000,0x00000000fe580000,0x0000000100000000)
  to   space 28160K, 0% used [0x00000000fc900000,0x00000000fc900000,0x00000000fe480000)
 ParOldGen       total 139776K, used 78685K [0x00000000a0000000, 0x00000000a8880000, 0x00000000e0000000)
  object space 139776K, 56% used [0x00000000a0000000,0x00000000a4cd76c0,0x00000000a8880000)
 Metaspace       used 75778K, capacity 78926K, committed 79104K, reserved 1118208K
  class space    used 9735K, capacity 10484K, committed 10496K, reserved 1048576K
Event: 421.286 GC heap after
Heap after GC invocations=24 (full 5):
 PSYoungGen      total 496128K, used 6017K [0x00000000e0000000, 0x00000000fff00000, 0x0000000100000000)
  eden space 467968K, 0% used [0x00000000e0000000,0x00000000e0000000,0x00000000fc900000)
  from space 28160K, 21% used [0x00000000fc900000,0x00000000fcee0478,0x00000000fe480000)
  to   space 27136K, 0% used [0x00000000fe480000,0x00000000fe480000,0x00000000fff00000)
 ParOldGen       total 139776K, used 78693K [0x00000000a0000000, 0x00000000a8880000, 0x00000000e0000000)
  object space 139776K, 56% used [0x00000000a0000000,0x00000000a4cd96c0,0x00000000a8880000)
 Metaspace       used 75778K, capacity 78926K, committed 79104K, reserved 1118208K
  class space    used 9735K, capacity 10484K, committed 10496K, reserved 1048576K
}
Event: 429.812 GC heap before
{Heap before GC invocations=25 (full 5):
 PSYoungGen      total 496128K, used 473737K [0x00000000e0000000, 0x00000000fff00000, 0x0000000100000000)
  eden space 467968K, 99% used [0x00000000e0000000,0x00000000fc8c21a8,0x00000000fc900000)
  from space 28160K, 21% used [0x00000000fc900000,0x00000000fcee0478,0x00000000fe480000)
  to   space 27136K, 0% used [0x00000000fe480000,0x00000000fe480000,0x00000000fff00000)
 ParOldGen       total 139776K, used 78693K [0x00000000a0000000, 0x00000000a8880000, 0x00000000e0000000)
  object space 139776K, 56% used [0x00000000a0000000,0x00000000a4cd96c0,0x00000000a8880000)
 Metaspace       used 84857K, capacity 88992K, committed 89344K, reserved 1126400K
  class space    used 10803K, capacity 11678K, committed 11776K, reserved 1048576K
Event: 429.847 GC heap after
Heap after GC invocations=25 (full 5):
 PSYoungGen      total 495104K, used 17326K [0x00000000e0000000, 0x0000000100000000, 0x0000000100000000)
  eden space 467968K, 0% used [0x00000000e0000000,0x00000000e0000000,0x00000000fc900000)
  from space 27136K, 63% used [0x00000000fe480000,0x00000000ff56b9a0,0x00000000fff00000)
  to   space 28160K, 0% used [0x00000000fc900000,0x00000000fc900000,0x00000000fe480000)
 ParOldGen       total 139776K, used 80775K [0x00000000a0000000, 0x00000000a8880000, 0x00000000e0000000)
  object space 139776K, 57% used [0x00000000a0000000,0x00000000a4ee1ce8,0x00000000a8880000)
 Metaspace       used 84857K, capacity 88992K, committed 89344K, reserved 1126400K
  class space    used 10803K, capacity 11678K, committed 11776K, reserved 1048576K
}
Event: 435.386 GC heap before
{Heap before GC invocations=26 (full 5):
 PSYoungGen      total 495104K, used 485294K [0x00000000e0000000, 0x0000000100000000, 0x0000000100000000)
  eden space 467968K, 100% used [0x00000000e0000000,0x00000000fc900000,0x00000000fc900000)
  from space 27136K, 63% used [0x00000000fe480000,0x00000000ff56b9a0,0x00000000fff00000)
  to   space 28160K, 0% used [0x00000000fc900000,0x00000000fc900000,0x00000000fe480000)
 ParOldGen       total 139776K, used 80775K [0x00000000a0000000, 0x00000000a8880000, 0x00000000e0000000)
  object space 139776K, 57% used [0x00000000a0000000,0x00000000a4ee1ce8,0x00000000a8880000)
 Metaspace       used 85356K, capacity 89482K, committed 89600K, reserved 1126400K
  class space    used 10826K, capacity 11683K, committed 11776K, reserved 1048576K
Event: 435.448 GC heap after
Heap after GC invocations=26 (full 5):
 PSYoungGen      total 496128K, used 28148K [0x00000000e0000000, 0x0000000100000000, 0x0000000100000000)
  eden space 467968K, 0% used [0x00000000e0000000,0x00000000e0000000,0x00000000fc900000)
  from space 28160K, 99% used [0x00000000fc900000,0x00000000fe47d3b8,0x00000000fe480000)
  to   space 28160K, 0% used [0x00000000fe480000,0x00000000fe480000,0x0000000100000000)
 ParOldGen       total 139776K, used 106413K [0x00000000a0000000, 0x00000000a8880000, 0x00000000e0000000)
  object space 139776K, 76% used [0x00000000a0000000,0x00000000a67eb660,0x00000000a8880000)
 Metaspace       used 85356K, capacity 89482K, committed 89600K, reserved 1126400K
  class space    used 10826K, capacity 11683K, committed 11776K, reserved 1048576K
}
Event: 447.090 GC heap before
{Heap before GC invocations=27 (full 5):
 PSYoungGen      total 496128K, used 496116K [0x00000000e0000000, 0x0000000100000000, 0x0000000100000000)
  eden space 467968K, 100% used [0x00000000e0000000,0x00000000fc900000,0x00000000fc900000)
  from space 28160K, 99% used [0x00000000fc900000,0x00000000fe47d3b8,0x00000000fe480000)
  to   space 28160K, 0% used [0x00000000fe480000,0x00000000fe480000,0x0000000100000000)
 ParOldGen       total 139776K, used 106413K [0x00000000a0000000, 0x00000000a8880000, 0x00000000e0000000)
  object space 139776K, 76% used [0x00000000a0000000,0x00000000a67eb660,0x00000000a8880000)
 Metaspace       used 86048K, capacity 90244K, committed 90368K, reserved 1128448K
  class space    used 10889K, capacity 11766K, committed 11776K, reserved 1048576K

