# JRE version: OpenJDK Runtime Environment (8.0_152-b02) (build 1.8.0_152-release-1024-b02)
# Java VM: OpenJDK 64-Bit Server VM (25.152-b02 mixed mode windows-amd64 compressed oops)
Heap:
 PSYoungGen      total 421376K, used 259945K [0x00000000e0000000, 0x00000000ffd80000, 0x0000000100000000)
  eden space 412672K, 60% used [0x00000000e0000000,0x00000000ef5aa548,0x00000000f9300000)
  from space 8704K, 96% used [0x00000000f9300000,0x00000000f9b301a8,0x00000000f9b80000)
  to   space 54272K, 0% used [0x00000000fc880000,0x00000000fc880000,0x00000000ffd80000)
 ParOldGen       total 215040K, used 154775K [0x00000000a0000000, 0x00000000ad200000, 0x00000000e0000000)
  object space 215040K, 71% used [0x00000000a0000000,0x00000000a9725ea0,0x00000000ad200000)
 Metaspace       used 93432K, capacity 97016K, committed 97112K, reserved 1134592K
  class space    used 11905K, capacity 12645K, committed 12672K, reserved 1048576K
GC Heap History (10 events):
Event: 53.983 GC heap before
{Heap before GC invocations=34 (full 5):
 PSYoungGen      total 449024K, used 448996K [0x00000000e0000000, 0x0000000100000000, 0x0000000100000000)
  eden space 404480K, 100% used [0x00000000e0000000,0x00000000f8b00000,0x00000000f8b00000)
  from space 44544K, 99% used [0x00000000fd300000,0x00000000ffe79290,0x00000000ffe80000)
  to   space 59904K, 0% used [0x00000000f8b00000,0x00000000f8b00000,0x00000000fc580000)
 ParOldGen       total 215040K, used 128263K [0x00000000a0000000, 0x00000000ad200000, 0x00000000e0000000)
  object space 215040K, 59% used [0x00000000a0000000,0x00000000a7d41c90,0x00000000ad200000)
 Metaspace       used 83471K, capacity 86316K, committed 86488K, reserved 1124352K
  class space    used 10646K, capacity 11211K, committed 11264K, reserved 1048576K
Event: 54.041 GC heap after
Heap after GC invocations=34 (full 5):
 PSYoungGen      total 464384K, used 16181K [0x00000000e0000000, 0x0000000100000000, 0x0000000100000000)
  eden space 404480K, 0% used [0x00000000e0000000,0x00000000e0000000,0x00000000f8b00000)
  from space 59904K, 27% used [0x00000000f8b00000,0x00000000f9acd7f0,0x00000000fc580000)
  to   space 57856K, 0% used [0x00000000fc780000,0x00000000fc780000,0x0000000100000000)
 ParOldGen       total 215040K, used 142303K [0x00000000a0000000, 0x00000000ad200000, 0x00000000e0000000)
  object space 215040K, 66% used [0x00000000a0000000,0x00000000a8af7d00,0x00000000ad200000)
 Metaspace       used 83471K, capacity 86316K, committed 86488K, reserved 1124352K
  class space    used 10646K, capacity 11211K, committed 11264K, reserved 1048576K
}
Event: 56.207 GC heap before
{Heap before GC invocations=35 (full 5):
 PSYoungGen      total 464384K, used 419900K [0x00000000e0000000, 0x0000000100000000, 0x0000000100000000)
  eden space 404480K, 99% used [0x00000000e0000000,0x00000000f8a41ab8,0x00000000f8b00000)
  from space 59904K, 27% used [0x00000000f8b00000,0x00000000f9acd7f0,0x00000000fc580000)
  to   space 57856K, 0% used [0x00000000fc780000,0x00000000fc780000,0x0000000100000000)
 ParOldGen       total 215040K, used 142303K [0x00000000a0000000, 0x00000000ad200000, 0x00000000e0000000)
  object space 215040K, 66% used [0x00000000a0000000,0x00000000a8af7d00,0x00000000ad200000)
 Metaspace       used 84233K, capacity 87234K, committed 87384K, reserved 1126400K
  class space    used 10752K, capacity 11372K, committed 11392K, reserved 1048576K
Event: 56.227 GC heap after
Heap after GC invocations=35 (full 5):
 PSYoungGen      total 458240K, used 17115K [0x00000000e0000000, 0x00000000ffa00000, 0x0000000100000000)
  eden space 406528K, 0% used [0x00000000e0000000,0x00000000e0000000,0x00000000f8d00000)
  from space 51712K, 33% used [0x00000000fc780000,0x00000000fd836cc0,0x00000000ffa00000)
  to   space 55808K, 0% used [0x00000000f8d00000,0x00000000f8d00000,0x00000000fc380000)
 ParOldGen       total 215040K, used 146575K [0x00000000a0000000, 0x00000000ad200000, 0x00000000e0000000)
  object space 215040K, 68% used [0x00000000a0000000,0x00000000a8f23d90,0x00000000ad200000)
 Metaspace       used 84233K, capacity 87234K, committed 87384K, reserved 1126400K
  class space    used 10752K, capacity 11372K, committed 11392K, reserved 1048576K
}
Event: 56.290 GC heap before
{Heap before GC invocations=36 (full 5):
 PSYoungGen      total 458240K, used 422763K [0x00000000e0000000, 0x00000000ffa00000, 0x0000000100000000)
  eden space 406528K, 99% used [0x00000000e0000000,0x00000000f8c242a8,0x00000000f8d00000)
  from space 51712K, 33% used [0x00000000fc780000,0x00000000fd836cc0,0x00000000ffa00000)
  to   space 55808K, 0% used [0x00000000f8d00000,0x00000000f8d00000,0x00000000fc380000)
 ParOldGen       total 215040K, used 146575K [0x00000000a0000000, 0x00000000ad200000, 0x00000000e0000000)
  object space 215040K, 68% used [0x00000000a0000000,0x00000000a8f23d90,0x00000000ad200000)
 Metaspace       used 84240K, capacity 87234K, committed 87384K, reserved 1126400K
  class space    used 10752K, capacity 11372K, committed 11392K, reserved 1048576K
Event: 56.299 GC heap after
Heap after GC invocations=36 (full 5):
 PSYoungGen      total 462336K, used 8447K [0x00000000e0000000, 0x0000000100000000, 0x0000000100000000)
  eden space 406528K, 0% used [0x00000000e0000000,0x00000000e0000000,0x00000000f8d00000)
  from space 55808K, 15% used [0x00000000f8d00000,0x00000000f953fc68,0x00000000fc380000)
  to   space 55296K, 0% used [0x00000000fca00000,0x00000000fca00000,0x0000000100000000)
 ParOldGen       total 215040K, used 146575K [0x00000000a0000000, 0x00000000ad200000, 0x00000000e0000000)
  object space 215040K, 68% used [0x00000000a0000000,0x00000000a8f23d90,0x00000000ad200000)
 Metaspace       used 84240K, capacity 87234K, committed 87384K, reserved 1126400K
  class space    used 10752K, capacity 11372K, committed 11392K, reserved 1048576K
}
Event: 56.360 GC heap before
{Heap before GC invocations=37 (full 5):
 PSYoungGen      total 462336K, used 414624K [0x00000000e0000000, 0x0000000100000000, 0x0000000100000000)
  eden space 406528K, 99% used [0x00000000e0000000,0x00000000f8ca8780,0x00000000f8d00000)
  from space 55808K, 15% used [0x00000000f8d00000,0x00000000f953fc68,0x00000000fc380000)
  to   space 55296K, 0% used [0x00000000fca00000,0x00000000fca00000,0x0000000100000000)
 ParOldGen       total 215040K, used 146575K [0x00000000a0000000, 0x00000000ad200000, 0x00000000e0000000)
  object space 215040K, 68% used [0x00000000a0000000,0x00000000a8f23d90,0x00000000ad200000)
 Metaspace       used 84240K, capacity 87234K, committed 87384K, reserved 1126400K
  class space    used 10752K, capacity 11372K, committed 11392K, reserved 1048576K
Event: 56.369 GC heap after
Heap after GC invocations=37 (full 5):
 PSYoungGen      total 467968K, used 128K [0x00000000e0000000, 0x0000000100000000, 0x0000000100000000)
  eden space 412672K, 0% used [0x00000000e0000000,0x00000000e0000000,0x00000000f9300000)
  from space 55296K, 0% used [0x00000000fca00000,0x00000000fca20000,0x0000000100000000)
  to   space 55808K, 0% used [0x00000000f9300000,0x00000000f9300000,0x00000000fc980000)
 ParOldGen       total 215040K, used 154735K [0x00000000a0000000, 0x00000000ad200000, 0x00000000e0000000)
  object space 215040K, 71% used [0x00000000a0000000,0x00000000a971bea0,0x00000000ad200000)
 Metaspace       used 84240K, capacity 87234K, committed 87384K, reserved 1126400K
  class space    used 10752K, capacity 11372K, committed 11392K, reserved 1048576K
}
Event: 104.363 GC heap before
{Heap before GC invocations=38 (full 5):
 PSYoungGen      total 467968K, used 412800K [0x00000000e0000000, 0x0000000100000000, 0x0000000100000000)
  eden space 412672K, 100% used [0x00000000e0000000,0x00000000f9300000,0x00000000f9300000)
  from space 55296K, 0% used [0x00000000fca00000,0x00000000fca20000,0x0000000100000000)
  to   space 55808K, 0% used [0x00000000f9300000,0x00000000f9300000,0x00000000fc980000)
 ParOldGen       total 215040K, used 154735K [0x00000000a0000000, 0x00000000ad200000, 0x00000000e0000000)
  object space 215040K, 71% used [0x00000000a0000000,0x00000000a971bea0,0x00000000ad200000)
 Metaspace       used 87956K, capacity 91364K, committed 91480K, reserved 1128448K
  class space    used 11178K, capacity 11889K, committed 11904K, reserved 1048576K
Event: 104.380 GC heap after
Heap after GC invocations=38 (full 5):
 PSYoungGen      total 421376K, used 8384K [0x00000000e0000000, 0x00000000ffd80000, 0x0000000100000000)
  eden space 412672K, 0% used [0x00000000e0000000,0x00000000e0000000,0x00000000f9300000)
  from space 8704K, 96% used [0x00000000f9300000,0x00000000f9b301a8,0x00000000f9b80000)
  to   space 54272K, 0% used [0x00000000fc880000,0x00000000fc880000,0x00000000ffd80000)
 ParOldGen       total 215040K, used 154775K [0x00000000a0000000, 0x00000000ad200000, 0x00000000e0000000)
  object space 215040K, 71% used [0x00000000a0000000,0x00000000a9725ea0,0x00000000ad200000)
 Metaspace       used 87956K, capacity 91364K, committed 91480K, reserved 1128448K
  class space    used 11178K, capacity 11889K, committed 11904K, reserved 1048576K
}

