# JRE version: OpenJDK Runtime Environment (8.0_152-b02) (build 1.8.0_152-release-1024-b02)
# Java VM: OpenJDK 64-Bit Server VM (25.152-b02 mixed mode windows-amd64 compressed oops)
Heap:
 PSYoungGen      total 315904K, used 191792K [0x00000000e0000000, 0x00000000fa480000, 0x0000000100000000)
  eden space 276992K, 55% used [0x00000000e0000000,0x00000000e9551a78,0x00000000f0e80000)
  from space 38912K, 99% used [0x00000000f4900000,0x00000000f6efa7e0,0x00000000f6f00000)
  to   space 59904K, 0% used [0x00000000f0e80000,0x00000000f0e80000,0x00000000f4900000)
 ParOldGen       total 178688K, used 132673K [0x00000000a0000000, 0x00000000aae80000, 0x00000000e0000000)
  object space 178688K, 74% used [0x00000000a0000000,0x00000000a8190438,0x00000000aae80000)
 Metaspace       used 70214K, capacity 72884K, committed 73624K, reserved 1114112K
  class space    used 9098K, capacity 9657K, committed 9904K, reserved 1048576K
GC Heap History (10 events):
Event: 186.956 GC heap before
{Heap before GC invocations=18 (full 3):
 PSYoungGen      total 235520K, used 219648K [0x00000000e0000000, 0x00000000ef680000, 0x0000000100000000)
  eden space 219648K, 100% used [0x00000000e0000000,0x00000000ed680000,0x00000000ed680000)
  from space 15872K, 0% used [0x00000000ee700000,0x00000000ee700000,0x00000000ef680000)
  to   space 16384K, 0% used [0x00000000ed680000,0x00000000ed680000,0x00000000ee680000)
 ParOldGen       total 96256K, used 42086K [0x00000000a0000000, 0x00000000a5e00000, 0x00000000e0000000)
  object space 96256K, 43% used [0x00000000a0000000,0x00000000a2919bd0,0x00000000a5e00000)
 Metaspace       used 60551K, capacity 62536K, committed 62744K, reserved 1103872K
  class space    used 7994K, capacity 8447K, committed 8496K, reserved 1048576K
Event: 186.972 GC heap after
Heap after GC invocations=18 (full 3):
 PSYoungGen      total 236032K, used 10404K [0x00000000e0000000, 0x00000000f2300000, 0x0000000100000000)
  eden space 219648K, 0% used [0x00000000e0000000,0x00000000e0000000,0x00000000ed680000)
  from space 16384K, 63% used [0x00000000ed680000,0x00000000ee0a91a0,0x00000000ee680000)
  to   space 16384K, 0% used [0x00000000f1300000,0x00000000f1300000,0x00000000f2300000)
 ParOldGen       total 96256K, used 42094K [0x00000000a0000000, 0x00000000a5e00000, 0x00000000e0000000)
  object space 96256K, 43% used [0x00000000a0000000,0x00000000a291bbd0,0x00000000a5e00000)
 Metaspace       used 60551K, capacity 62536K, committed 62744K, reserved 1103872K
  class space    used 7994K, capacity 8447K, committed 8496K, reserved 1048576K
}
Event: 196.430 GC heap before
{Heap before GC invocations=19 (full 3):
 PSYoungGen      total 236032K, used 230052K [0x00000000e0000000, 0x00000000f2300000, 0x0000000100000000)
  eden space 219648K, 100% used [0x00000000e0000000,0x00000000ed680000,0x00000000ed680000)
  from space 16384K, 63% used [0x00000000ed680000,0x00000000ee0a91a0,0x00000000ee680000)
  to   space 16384K, 0% used [0x00000000f1300000,0x00000000f1300000,0x00000000f2300000)
 ParOldGen       total 96256K, used 42094K [0x00000000a0000000, 0x00000000a5e00000, 0x00000000e0000000)
  object space 96256K, 43% used [0x00000000a0000000,0x00000000a291bbd0,0x00000000a5e00000)
 Metaspace       used 68553K, capacity 71130K, committed 71320K, reserved 1112064K
  class space    used 8991K, capacity 9540K, committed 9648K, reserved 1048576K
Event: 196.496 GC heap after
Heap after GC invocations=19 (full 3):
 PSYoungGen      total 276992K, used 16362K [0x00000000e0000000, 0x00000000f2b00000, 0x0000000100000000)
  eden space 260608K, 0% used [0x00000000e0000000,0x00000000e0000000,0x00000000efe80000)
  from space 16384K, 99% used [0x00000000f1300000,0x00000000f22fab20,0x00000000f2300000)
  to   space 20992K, 0% used [0x00000000efe80000,0x00000000efe80000,0x00000000f1300000)
 ParOldGen       total 96256K, used 48330K [0x00000000a0000000, 0x00000000a5e00000, 0x00000000e0000000)
  object space 96256K, 50% used [0x00000000a0000000,0x00000000a2f32b08,0x00000000a5e00000)
 Metaspace       used 68553K, capacity 71130K, committed 71320K, reserved 1112064K
  class space    used 8991K, capacity 9540K, committed 9648K, reserved 1048576K
}
Event: 205.046 GC heap before
{Heap before GC invocations=20 (full 3):
 PSYoungGen      total 276992K, used 276970K [0x00000000e0000000, 0x00000000f2b00000, 0x0000000100000000)
  eden space 260608K, 100% used [0x00000000e0000000,0x00000000efe80000,0x00000000efe80000)
  from space 16384K, 99% used [0x00000000f1300000,0x00000000f22fab20,0x00000000f2300000)
  to   space 20992K, 0% used [0x00000000efe80000,0x00000000efe80000,0x00000000f1300000)
 ParOldGen       total 96256K, used 48330K [0x00000000a0000000, 0x00000000a5e00000, 0x00000000e0000000)
  object space 96256K, 50% used [0x00000000a0000000,0x00000000a2f32b08,0x00000000a5e00000)
 Metaspace       used 69701K, capacity 72708K, committed 72984K, reserved 1112064K
  class space    used 9112K, capacity 9735K, committed 9776K, reserved 1048576K
Event: 205.139 GC heap after
Heap after GC invocations=20 (full 3):
 PSYoungGen      total 281600K, used 20971K [0x00000000e0000000, 0x00000000f6f00000, 0x0000000100000000)
  eden space 260608K, 0% used [0x00000000e0000000,0x00000000e0000000,0x00000000efe80000)
  from space 20992K, 99% used [0x00000000efe80000,0x00000000f12fafe8,0x00000000f1300000)
  to   space 38912K, 0% used [0x00000000f4900000,0x00000000f4900000,0x00000000f6f00000)
 ParOldGen       total 96256K, used 88814K [0x00000000a0000000, 0x00000000a5e00000, 0x00000000e0000000)
  object space 96256K, 92% used [0x00000000a0000000,0x00000000a56bba18,0x00000000a5e00000)
 Metaspace       used 69701K, capacity 72708K, committed 72984K, reserved 1112064K
  class space    used 9112K, capacity 9735K, committed 9776K, reserved 1048576K
}
Event: 205.139 GC heap before
{Heap before GC invocations=21 (full 4):
 PSYoungGen      total 281600K, used 20971K [0x00000000e0000000, 0x00000000f6f00000, 0x0000000100000000)
  eden space 260608K, 0% used [0x00000000e0000000,0x00000000e0000000,0x00000000efe80000)
  from space 20992K, 99% used [0x00000000efe80000,0x00000000f12fafe8,0x00000000f1300000)
  to   space 38912K, 0% used [0x00000000f4900000,0x00000000f4900000,0x00000000f6f00000)
 ParOldGen       total 96256K, used 88814K [0x00000000a0000000, 0x00000000a5e00000, 0x00000000e0000000)
  object space 96256K, 92% used [0x00000000a0000000,0x00000000a56bba18,0x00000000a5e00000)
 Metaspace       used 69701K, capacity 72708K, committed 72984K, reserved 1112064K
  class space    used 9112K, capacity 9735K, committed 9776K, reserved 1048576K
Event: 205.717 GC heap after
Heap after GC invocations=21 (full 4):
 PSYoungGen      total 281600K, used 0K [0x00000000e0000000, 0x00000000f6f00000, 0x0000000100000000)
  eden space 260608K, 0% used [0x00000000e0000000,0x00000000e0000000,0x00000000efe80000)
  from space 20992K, 0% used [0x00000000efe80000,0x00000000efe80000,0x00000000f1300000)
  to   space 38912K, 0% used [0x00000000f4900000,0x00000000f4900000,0x00000000f6f00000)
 ParOldGen       total 178688K, used 94333K [0x00000000a0000000, 0x00000000aae80000, 0x00000000e0000000)
  object space 178688K, 52% used [0x00000000a0000000,0x00000000a5c1f498,0x00000000aae80000)
 Metaspace       used 69425K, capacity 72018K, committed 72984K, reserved 1112064K
  class space    used 9015K, capacity 9566K, committed 9776K, reserved 1048576K
}
Event: 211.472 GC heap before
{Heap before GC invocations=22 (full 4):
 PSYoungGen      total 281600K, used 260608K [0x00000000e0000000, 0x00000000f6f00000, 0x0000000100000000)
  eden space 260608K, 100% used [0x00000000e0000000,0x00000000efe80000,0x00000000efe80000)
  from space 20992K, 0% used [0x00000000efe80000,0x00000000efe80000,0x00000000f1300000)
  to   space 38912K, 0% used [0x00000000f4900000,0x00000000f4900000,0x00000000f6f00000)
 ParOldGen       total 178688K, used 94333K [0x00000000a0000000, 0x00000000aae80000, 0x00000000e0000000)
  object space 178688K, 52% used [0x00000000a0000000,0x00000000a5c1f498,0x00000000aae80000)
 Metaspace       used 70120K, capacity 72806K, committed 73624K, reserved 1114112K
  class space    used 9093K, capacity 9652K, committed 9904K, reserved 1048576K
Event: 211.599 GC heap after
Heap after GC invocations=22 (full 4):
 PSYoungGen      total 315904K, used 38889K [0x00000000e0000000, 0x00000000fa480000, 0x0000000100000000)
  eden space 276992K, 0% used [0x00000000e0000000,0x00000000e0000000,0x00000000f0e80000)
  from space 38912K, 99% used [0x00000000f4900000,0x00000000f6efa7e0,0x00000000f6f00000)
  to   space 59904K, 0% used [0x00000000f0e80000,0x00000000f0e80000,0x00000000f4900000)
 ParOldGen       total 178688K, used 132673K [0x00000000a0000000, 0x00000000aae80000, 0x00000000e0000000)
  object space 178688K, 74% used [0x00000000a0000000,0x00000000a8190438,0x00000000aae80000)
 Metaspace       used 70120K, capacity 72806K, committed 73624K, reserved 1114112K
  class space    used 9093K, capacity 9652K, committed 9904K, reserved 1048576K
}

