# JRE version: OpenJDK Runtime Environment (8.0_152-b02) (build 1.8.0_152-release-1024-b02)
# Java VM: OpenJDK 64-Bit Server VM (25.152-b02 mixed mode windows-amd64 compressed oops)
Heap:
 PSYoungGen      total 196608K, used 96945K [0x00000000e0000000, 0x00000000eea00000, 0x0000000100000000)
  eden space 176640K, 54% used [0x00000000e0000000,0x00000000e5eac518,0x00000000eac80000)
  from space 19968K, 0% used [0x00000000ec500000,0x00000000ec500000,0x00000000ed880000)
  to   space 25088K, 0% used [0x00000000eac80000,0x00000000eac80000,0x00000000ec500000)
 ParOldGen       total 60416K, used 50358K [0x00000000a0000000, 0x00000000a3b00000, 0x00000000e0000000)
  object space 60416K, 83% used [0x00000000a0000000,0x00000000a312db48,0x00000000a3b00000)
 Metaspace       used 59369K, capacity 61014K, committed 61184K, reserved 1101824K
  class space    used 7930K, capacity 8344K, committed 8448K, reserved 1048576K
GC Heap History (10 events):
Event: 11.847 GC heap before
{Heap before GC invocations=13 (full 2):
 PSYoungGen      total 131584K, used 131579K [0x00000000e0000000, 0x00000000eaf80000, 0x0000000100000000)
  eden space 119808K, 100% used [0x00000000e0000000,0x00000000e7500000,0x00000000e7500000)
  from space 11776K, 99% used [0x00000000e8280000,0x00000000e8dfef98,0x00000000e8e00000)
  to   space 13824K, 0% used [0x00000000e7500000,0x00000000e7500000,0x00000000e8280000)
 ParOldGen       total 60416K, used 21038K [0x00000000a0000000, 0x00000000a3b00000, 0x00000000e0000000)
  object space 60416K, 34% used [0x00000000a0000000,0x00000000a148baf8,0x00000000a3b00000)
 Metaspace       used 50050K, capacity 51430K, committed 51456K, reserved 1093632K
  class space    used 6817K, capacity 7166K, committed 7168K, reserved 1048576K
Event: 11.865 GC heap after
Heap after GC invocations=13 (full 2):
 PSYoungGen      total 133632K, used 13817K [0x00000000e0000000, 0x00000000eb200000, 0x0000000100000000)
  eden space 119808K, 0% used [0x00000000e0000000,0x00000000e0000000,0x00000000e7500000)
  from space 13824K, 99% used [0x00000000e7500000,0x00000000e827e6c8,0x00000000e8280000)
  to   space 16896K, 0% used [0x00000000ea180000,0x00000000ea180000,0x00000000eb200000)
 ParOldGen       total 60416K, used 24168K [0x00000000a0000000, 0x00000000a3b00000, 0x00000000e0000000)
  object space 60416K, 40% used [0x00000000a0000000,0x00000000a179a090,0x00000000a3b00000)
 Metaspace       used 50050K, capacity 51430K, committed 51456K, reserved 1093632K
  class space    used 6817K, capacity 7166K, committed 7168K, reserved 1048576K
}
Event: 14.788 GC heap before
{Heap before GC invocations=14 (full 2):
 PSYoungGen      total 133632K, used 133625K [0x00000000e0000000, 0x00000000eb200000, 0x0000000100000000)
  eden space 119808K, 100% used [0x00000000e0000000,0x00000000e7500000,0x00000000e7500000)
  from space 13824K, 99% used [0x00000000e7500000,0x00000000e827e6c8,0x00000000e8280000)
  to   space 16896K, 0% used [0x00000000ea180000,0x00000000ea180000,0x00000000eb200000)
 ParOldGen       total 60416K, used 24168K [0x00000000a0000000, 0x00000000a3b00000, 0x00000000e0000000)
  object space 60416K, 40% used [0x00000000a0000000,0x00000000a179a090,0x00000000a3b00000)
 Metaspace       used 53243K, capacity 54882K, committed 55040K, reserved 1097728K
  class space    used 7245K, capacity 7652K, committed 7680K, reserved 1048576K
Event: 14.816 GC heap after
Heap after GC invocations=14 (full 2):
 PSYoungGen      total 164864K, used 10663K [0x00000000e0000000, 0x00000000eb300000, 0x0000000100000000)
  eden space 147968K, 0% used [0x00000000e0000000,0x00000000e0000000,0x00000000e9080000)
  from space 16896K, 63% used [0x00000000ea180000,0x00000000eabe9e70,0x00000000eb200000)
  to   space 17408K, 0% used [0x00000000e9080000,0x00000000e9080000,0x00000000ea180000)
 ParOldGen       total 60416K, used 35191K [0x00000000a0000000, 0x00000000a3b00000, 0x00000000e0000000)
  object space 60416K, 58% used [0x00000000a0000000,0x00000000a225df90,0x00000000a3b00000)
 Metaspace       used 53243K, capacity 54882K, committed 55040K, reserved 1097728K
  class space    used 7245K, capacity 7652K, committed 7680K, reserved 1048576K
}
Event: 19.111 GC heap before
{Heap before GC invocations=15 (full 2):
 PSYoungGen      total 164864K, used 158631K [0x00000000e0000000, 0x00000000eb300000, 0x0000000100000000)
  eden space 147968K, 100% used [0x00000000e0000000,0x00000000e9080000,0x00000000e9080000)
  from space 16896K, 63% used [0x00000000ea180000,0x00000000eabe9e70,0x00000000eb200000)
  to   space 17408K, 0% used [0x00000000e9080000,0x00000000e9080000,0x00000000ea180000)
 ParOldGen       total 60416K, used 35191K [0x00000000a0000000, 0x00000000a3b00000, 0x00000000e0000000)
  object space 60416K, 58% used [0x00000000a0000000,0x00000000a225df90,0x00000000a3b00000)
 Metaspace       used 53989K, capacity 55562K, committed 55680K, reserved 1097728K
  class space    used 7344K, capacity 7764K, committed 7808K, reserved 1048576K
Event: 19.143 GC heap after
Heap after GC invocations=15 (full 2):
 PSYoungGen      total 165376K, used 17091K [0x00000000e0000000, 0x00000000ed880000, 0x0000000100000000)
  eden space 147968K, 0% used [0x00000000e0000000,0x00000000e0000000,0x00000000e9080000)
  from space 17408K, 98% used [0x00000000e9080000,0x00000000ea130ca8,0x00000000ea180000)
  to   space 19968K, 0% used [0x00000000ec500000,0x00000000ec500000,0x00000000ed880000)
 ParOldGen       total 60416K, used 35199K [0x00000000a0000000, 0x00000000a3b00000, 0x00000000e0000000)
  object space 60416K, 58% used [0x00000000a0000000,0x00000000a225ff90,0x00000000a3b00000)
 Metaspace       used 53989K, capacity 55562K, committed 55680K, reserved 1097728K
  class space    used 7344K, capacity 7764K, committed 7808K, reserved 1048576K
}
Event: 20.344 GC heap before
{Heap before GC invocations=16 (full 2):
 PSYoungGen      total 165376K, used 48206K [0x00000000e0000000, 0x00000000ed880000, 0x0000000100000000)
  eden space 147968K, 21% used [0x00000000e0000000,0x00000000e1e62b70,0x00000000e9080000)
  from space 17408K, 98% used [0x00000000e9080000,0x00000000ea130ca8,0x00000000ea180000)
  to   space 19968K, 0% used [0x00000000ec500000,0x00000000ec500000,0x00000000ed880000)
 ParOldGen       total 60416K, used 35199K [0x00000000a0000000, 0x00000000a3b00000, 0x00000000e0000000)
  object space 60416K, 58% used [0x00000000a0000000,0x00000000a225ff90,0x00000000a3b00000)
 Metaspace       used 57355K, capacity 58934K, committed 59028K, reserved 1099776K
  class space    used 7802K, capacity 8184K, committed 8192K, reserved 1048576K
Event: 20.375 GC heap after
Heap after GC invocations=16 (full 2):
 PSYoungGen      total 196608K, used 19936K [0x00000000e0000000, 0x00000000eea00000, 0x0000000100000000)
  eden space 176640K, 0% used [0x00000000e0000000,0x00000000e0000000,0x00000000eac80000)
  from space 19968K, 99% used [0x00000000ec500000,0x00000000ed878050,0x00000000ed880000)
  to   space 25088K, 0% used [0x00000000eac80000,0x00000000eac80000,0x00000000ec500000)
 ParOldGen       total 60416K, used 41899K [0x00000000a0000000, 0x00000000a3b00000, 0x00000000e0000000)
  object space 60416K, 69% used [0x00000000a0000000,0x00000000a28eaff8,0x00000000a3b00000)
 Metaspace       used 57355K, capacity 58934K, committed 59028K, reserved 1099776K
  class space    used 7802K, capacity 8184K, committed 8192K, reserved 1048576K
}
Event: 20.375 GC heap before
{Heap before GC invocations=17 (full 3):
 PSYoungGen      total 196608K, used 19936K [0x00000000e0000000, 0x00000000eea00000, 0x0000000100000000)
  eden space 176640K, 0% used [0x00000000e0000000,0x00000000e0000000,0x00000000eac80000)
  from space 19968K, 99% used [0x00000000ec500000,0x00000000ed878050,0x00000000ed880000)
  to   space 25088K, 0% used [0x00000000eac80000,0x00000000eac80000,0x00000000ec500000)
 ParOldGen       total 60416K, used 41899K [0x00000000a0000000, 0x00000000a3b00000, 0x00000000e0000000)
  object space 60416K, 69% used [0x00000000a0000000,0x00000000a28eaff8,0x00000000a3b00000)
 Metaspace       used 57355K, capacity 58934K, committed 59028K, reserved 1099776K
  class space    used 7802K, capacity 8184K, committed 8192K, reserved 1048576K
Event: 20.739 GC heap after
Heap after GC invocations=17 (full 3):
 PSYoungGen      total 196608K, used 0K [0x00000000e0000000, 0x00000000eea00000, 0x0000000100000000)
  eden space 176640K, 0% used [0x00000000e0000000,0x00000000e0000000,0x00000000eac80000)
  from space 19968K, 0% used [0x00000000ec500000,0x00000000ec500000,0x00000000ed880000)
  to   space 25088K, 0% used [0x00000000eac80000,0x00000000eac80000,0x00000000ec500000)
 ParOldGen       total 60416K, used 50358K [0x00000000a0000000, 0x00000000a3b00000, 0x00000000e0000000)
  object space 60416K, 83% used [0x00000000a0000000,0x00000000a312db48,0x00000000a3b00000)
 Metaspace       used 57355K, capacity 58934K, committed 59028K, reserved 1099776K
  class space    used 7802K, capacity 8184K, committed 8192K, reserved 1048576K
}

