# JRE version: OpenJDK Runtime Environment (8.0_152-b02) (build 1.8.0_152-release-1024-b02)
# Java VM: OpenJDK 64-Bit Server VM (25.152-b02 mixed mode windows-amd64 compressed oops)
Heap:
 PSYoungGen      total 130560K, used 57571K [0x00000000e0000000, 0x00000000eab80000, 0x0000000100000000)
  eden space 116736K, 37% used [0x00000000e0000000,0x00000000e2abbc30,0x00000000e7200000)
  from space 13824K, 99% used [0x00000000e7200000,0x00000000e7f7d260,0x00000000e7f80000)
  to   space 16384K, 0% used [0x00000000e9b80000,0x00000000e9b80000,0x00000000eab80000)
 ParOldGen       total 61952K, used 27050K [0x00000000a0000000, 0x00000000a3c80000, 0x00000000e0000000)
  object space 61952K, 43% used [0x00000000a0000000,0x00000000a1a6aba0,0x00000000a3c80000)
 Metaspace       used 52261K, capacity 53866K, committed 54104K, reserved 1095680K
  class space    used 7154K, capacity 7550K, committed 7552K, reserved 1048576K
GC Heap History (10 events):
Event: 3.934 GC heap before
{Heap before GC invocations=9 (full 1):
 PSYoungGen      total 69632K, used 61952K [0x00000000e0000000, 0x00000000e8900000, 0x0000000100000000)
  eden space 61952K, 100% used [0x00000000e0000000,0x00000000e3c80000,0x00000000e3c80000)
  from space 7680K, 0% used [0x00000000e3c80000,0x00000000e3c80000,0x00000000e4400000)
  to   space 8192K, 0% used [0x00000000e8100000,0x00000000e8100000,0x00000000e8900000)
 ParOldGen       total 35840K, used 8503K [0x00000000a0000000, 0x00000000a2300000, 0x00000000e0000000)
  object space 35840K, 23% used [0x00000000a0000000,0x00000000a084dda0,0x00000000a2300000)
 Metaspace       used 26405K, capacity 26894K, committed 27136K, reserved 1073152K
  class space    used 3642K, capacity 3799K, committed 3840K, reserved 1048576K
Event: 3.941 GC heap after
Heap after GC invocations=9 (full 1):
 PSYoungGen      total 97792K, used 6919K [0x00000000e0000000, 0x00000000e8800000, 0x0000000100000000)
  eden space 90624K, 0% used [0x00000000e0000000,0x00000000e0000000,0x00000000e5880000)
  from space 7168K, 96% used [0x00000000e8100000,0x00000000e87c1dd0,0x00000000e8800000)
  to   space 8704K, 0% used [0x00000000e7700000,0x00000000e7700000,0x00000000e7f80000)
 ParOldGen       total 35840K, used 8511K [0x00000000a0000000, 0x00000000a2300000, 0x00000000e0000000)
  object space 35840K, 23% used [0x00000000a0000000,0x00000000a084fda0,0x00000000a2300000)
 Metaspace       used 26405K, capacity 26894K, committed 27136K, reserved 1073152K
  class space    used 3642K, capacity 3799K, committed 3840K, reserved 1048576K
}
Event: 5.827 GC heap before
{Heap before GC invocations=10 (full 1):
 PSYoungGen      total 97792K, used 97543K [0x00000000e0000000, 0x00000000e8800000, 0x0000000100000000)
  eden space 90624K, 100% used [0x00000000e0000000,0x00000000e5880000,0x00000000e5880000)
  from space 7168K, 96% used [0x00000000e8100000,0x00000000e87c1dd0,0x00000000e8800000)
  to   space 8704K, 0% used [0x00000000e7700000,0x00000000e7700000,0x00000000e7f80000)
 ParOldGen       total 35840K, used 8511K [0x00000000a0000000, 0x00000000a2300000, 0x00000000e0000000)
  object space 35840K, 23% used [0x00000000a0000000,0x00000000a084fda0,0x00000000a2300000)
 Metaspace       used 34612K, capacity 35186K, committed 35416K, reserved 1079296K
  class space    used 4779K, capacity 4971K, committed 4992K, reserved 1048576K
Event: 5.841 GC heap after
Heap after GC invocations=10 (full 1):
 PSYoungGen      total 122880K, used 8680K [0x00000000e0000000, 0x00000000e8680000, 0x0000000100000000)
  eden space 114176K, 0% used [0x00000000e0000000,0x00000000e0000000,0x00000000e6f80000)
  from space 8704K, 99% used [0x00000000e7700000,0x00000000e7f7a190,0x00000000e7f80000)
  to   space 7168K, 0% used [0x00000000e7f80000,0x00000000e7f80000,0x00000000e8680000)
 ParOldGen       total 35840K, used 12676K [0x00000000a0000000, 0x00000000a2300000, 0x00000000e0000000)
  object space 35840K, 35% used [0x00000000a0000000,0x00000000a0c61028,0x00000000a2300000)
 Metaspace       used 34612K, capacity 35186K, committed 35416K, reserved 1079296K
  class space    used 4779K, capacity 4971K, committed 4992K, reserved 1048576K
}
Event: 5.841 GC heap before
{Heap before GC invocations=11 (full 2):
 PSYoungGen      total 122880K, used 8680K [0x00000000e0000000, 0x00000000e8680000, 0x0000000100000000)
  eden space 114176K, 0% used [0x00000000e0000000,0x00000000e0000000,0x00000000e6f80000)
  from space 8704K, 99% used [0x00000000e7700000,0x00000000e7f7a190,0x00000000e7f80000)
  to   space 7168K, 0% used [0x00000000e7f80000,0x00000000e7f80000,0x00000000e8680000)
 ParOldGen       total 35840K, used 12676K [0x00000000a0000000, 0x00000000a2300000, 0x00000000e0000000)
  object space 35840K, 35% used [0x00000000a0000000,0x00000000a0c61028,0x00000000a2300000)
 Metaspace       used 34612K, capacity 35186K, committed 35416K, reserved 1079296K
  class space    used 4779K, capacity 4971K, committed 4992K, reserved 1048576K
Event: 5.905 GC heap after
Heap after GC invocations=11 (full 2):
 PSYoungGen      total 122880K, used 0K [0x00000000e0000000, 0x00000000e8680000, 0x0000000100000000)
  eden space 114176K, 0% used [0x00000000e0000000,0x00000000e0000000,0x00000000e6f80000)
  from space 8704K, 0% used [0x00000000e7700000,0x00000000e7700000,0x00000000e7f80000)
  to   space 7168K, 0% used [0x00000000e7f80000,0x00000000e7f80000,0x00000000e8680000)
 ParOldGen       total 61952K, used 19258K [0x00000000a0000000, 0x00000000a3c80000, 0x00000000e0000000)
  object space 61952K, 31% used [0x00000000a0000000,0x00000000a12ce968,0x00000000a3c80000)
 Metaspace       used 34612K, capacity 35186K, committed 35416K, reserved 1079296K
  class space    used 4779K, capacity 4971K, committed 4992K, reserved 1048576K
}
Event: 7.971 GC heap before
{Heap before GC invocations=12 (full 2):
 PSYoungGen      total 122880K, used 114176K [0x00000000e0000000, 0x00000000e8680000, 0x0000000100000000)
  eden space 114176K, 100% used [0x00000000e0000000,0x00000000e6f80000,0x00000000e6f80000)
  from space 8704K, 0% used [0x00000000e7700000,0x00000000e7700000,0x00000000e7f80000)
  to   space 7168K, 0% used [0x00000000e7f80000,0x00000000e7f80000,0x00000000e8680000)
 ParOldGen       total 61952K, used 19258K [0x00000000a0000000, 0x00000000a3c80000, 0x00000000e0000000)
  object space 61952K, 31% used [0x00000000a0000000,0x00000000a12ce968,0x00000000a3c80000)
 Metaspace       used 41958K, capacity 42840K, committed 42968K, reserved 1085440K
  class space    used 5747K, capacity 6033K, committed 6144K, reserved 1048576K
Event: 7.985 GC heap after
Heap after GC invocations=12 (full 2):
 PSYoungGen      total 123904K, used 7164K [0x00000000e0000000, 0x00000000ea400000, 0x0000000100000000)
  eden space 116736K, 0% used [0x00000000e0000000,0x00000000e0000000,0x00000000e7200000)
  from space 7168K, 99% used [0x00000000e7f80000,0x00000000e867f300,0x00000000e8680000)
  to   space 13824K, 0% used [0x00000000e7200000,0x00000000e7200000,0x00000000e7f80000)
 ParOldGen       total 61952K, used 24782K [0x00000000a0000000, 0x00000000a3c80000, 0x00000000e0000000)
  object space 61952K, 40% used [0x00000000a0000000,0x00000000a1833a20,0x00000000a3c80000)
 Metaspace       used 41958K, capacity 42840K, committed 42968K, reserved 1085440K
  class space    used 5747K, capacity 6033K, committed 6144K, reserved 1048576K
}
Event: 10.299 GC heap before
{Heap before GC invocations=13 (full 2):
 PSYoungGen      total 123904K, used 123900K [0x00000000e0000000, 0x00000000ea400000, 0x0000000100000000)
  eden space 116736K, 100% used [0x00000000e0000000,0x00000000e7200000,0x00000000e7200000)
  from space 7168K, 99% used [0x00000000e7f80000,0x00000000e867f300,0x00000000e8680000)
  to   space 13824K, 0% used [0x00000000e7200000,0x00000000e7200000,0x00000000e7f80000)
 ParOldGen       total 61952K, used 24782K [0x00000000a0000000, 0x00000000a3c80000, 0x00000000e0000000)
  object space 61952K, 40% used [0x00000000a0000000,0x00000000a1833a20,0x00000000a3c80000)
 Metaspace       used 49751K, capacity 51098K, committed 51160K, reserved 1093632K
  class space    used 6754K, capacity 7122K, committed 7168K, reserved 1048576K
Event: 10.325 GC heap after
Heap after GC invocations=13 (full 2):
 PSYoungGen      total 130560K, used 13812K [0x00000000e0000000, 0x00000000eab80000, 0x0000000100000000)
  eden space 116736K, 0% used [0x00000000e0000000,0x00000000e0000000,0x00000000e7200000)
  from space 13824K, 99% used [0x00000000e7200000,0x00000000e7f7d260,0x00000000e7f80000)
  to   space 16384K, 0% used [0x00000000e9b80000,0x00000000e9b80000,0x00000000eab80000)
 ParOldGen       total 61952K, used 27050K [0x00000000a0000000, 0x00000000a3c80000, 0x00000000e0000000)
  object space 61952K, 43% used [0x00000000a0000000,0x00000000a1a6aba0,0x00000000a3c80000)
 Metaspace       used 49751K, capacity 51098K, committed 51160K, reserved 1093632K
  class space    used 6754K, capacity 7122K, committed 7168K, reserved 1048576K
}

