# JRE version: OpenJDK Runtime Environment (8.0_152-b02) (build 1.8.0_152-release-1024-b02)
# Java VM: OpenJDK 64-Bit Server VM (25.152-b02 mixed mode windows-amd64 compressed oops)
Heap:
 PSYoungGen      total 426496K, used 107872K [0x00000000e0000000, 0x00000000ff000000, 0x0000000100000000)
  eden space 360448K, 23% used [0x00000000e0000000,0x00000000e53d7200,0x00000000f6000000)
  from space 66048K, 33% used [0x00000000faf80000,0x00000000fc501140,0x00000000ff000000)
  to   space 73728K, 0% used [0x00000000f6000000,0x00000000f6000000,0x00000000fa800000)
 ParOldGen       total 263168K, used 212795K [0x00000000a0000000, 0x00000000b0100000, 0x00000000e0000000)
  object space 263168K, 80% used [0x00000000a0000000,0x00000000acfcef58,0x00000000b0100000)
 Metaspace       used 116293K, capacity 120276K, committed 120920K, reserved 1155072K
  class space    used 14031K, capacity 14848K, committed 14976K, reserved 1048576K
GC Heap History (10 events):
Event: 9393.370 GC heap before
{Heap before GC invocations=71 (full 7):
 PSYoungGen      total 411136K, used 315333K [0x00000000e0000000, 0x00000000fff80000, 0x0000000100000000)
  eden space 308736K, 100% used [0x00000000e0000000,0x00000000f2d80000,0x00000000f2d80000)
  from space 102400K, 6% used [0x00000000f2d80000,0x00000000f33f1428,0x00000000f9180000)
  to   space 98816K, 0% used [0x00000000f9f00000,0x00000000f9f00000,0x00000000fff80000)
 ParOldGen       total 263168K, used 208090K [0x00000000a0000000, 0x00000000b0100000, 0x00000000e0000000)
  object space 263168K, 79% used [0x00000000a0000000,0x00000000acb36b50,0x00000000b0100000)
 Metaspace       used 116001K, capacity 119964K, committed 120664K, reserved 1155072K
  class space    used 14003K, capacity 14812K, committed 14976K, reserved 1048576K
Event: 9393.386 GC heap after
Heap after GC invocations=71 (full 7):
 PSYoungGen      total 411648K, used 2368K [0x00000000e0000000, 0x00000000ff580000, 0x0000000100000000)
  eden space 323072K, 0% used [0x00000000e0000000,0x00000000e0000000,0x00000000f3b80000)
  from space 88576K, 2% used [0x00000000f9f00000,0x00000000fa150000,0x00000000ff580000)
  to   space 95232K, 0% used [0x00000000f3b80000,0x00000000f3b80000,0x00000000f9880000)
 ParOldGen       total 263168K, used 210715K [0x00000000a0000000, 0x00000000b0100000, 0x00000000e0000000)
  object space 263168K, 80% used [0x00000000a0000000,0x00000000acdc6f58,0x00000000b0100000)
 Metaspace       used 116001K, capacity 119964K, committed 120664K, reserved 1155072K
  class space    used 14003K, capacity 14812K, committed 14976K, reserved 1048576K
}
Event: 9396.436 GC heap before
{Heap before GC invocations=72 (full 7):
 PSYoungGen      total 411648K, used 325440K [0x00000000e0000000, 0x00000000ff580000, 0x0000000100000000)
  eden space 323072K, 100% used [0x00000000e0000000,0x00000000f3b80000,0x00000000f3b80000)
  from space 88576K, 2% used [0x00000000f9f00000,0x00000000fa150000,0x00000000ff580000)
  to   space 95232K, 0% used [0x00000000f3b80000,0x00000000f3b80000,0x00000000f9880000)
 ParOldGen       total 263168K, used 210715K [0x00000000a0000000, 0x00000000b0100000, 0x00000000e0000000)
  object space 263168K, 80% used [0x00000000a0000000,0x00000000acdc6f58,0x00000000b0100000)
 Metaspace       used 116260K, capacity 120220K, committed 120920K, reserved 1155072K
  class space    used 14029K, capacity 14812K, committed 14976K, reserved 1048576K
Event: 9396.458 GC heap after
Heap after GC invocations=72 (full 7):
 PSYoungGen      total 418304K, used 11905K [0x00000000e0000000, 0x00000000ffc80000, 0x0000000100000000)
  eden space 323072K, 0% used [0x00000000e0000000,0x00000000e0000000,0x00000000f3b80000)
  from space 95232K, 12% used [0x00000000f3b80000,0x00000000f4720698,0x00000000f9880000)
  to   space 90112K, 0% used [0x00000000fa480000,0x00000000fa480000,0x00000000ffc80000)
 ParOldGen       total 263168K, used 210723K [0x00000000a0000000, 0x00000000b0100000, 0x00000000e0000000)
  object space 263168K, 80% used [0x00000000a0000000,0x00000000acdc8f58,0x00000000b0100000)
 Metaspace       used 116260K, capacity 120220K, committed 120920K, reserved 1155072K
  class space    used 14029K, capacity 14812K, committed 14976K, reserved 1048576K
}
Event: 9397.354 GC heap before
{Heap before GC invocations=73 (full 7):
 PSYoungGen      total 418304K, used 334977K [0x00000000e0000000, 0x00000000ffc80000, 0x0000000100000000)
  eden space 323072K, 100% used [0x00000000e0000000,0x00000000f3b80000,0x00000000f3b80000)
  from space 95232K, 12% used [0x00000000f3b80000,0x00000000f4720698,0x00000000f9880000)
  to   space 90112K, 0% used [0x00000000fa480000,0x00000000fa480000,0x00000000ffc80000)
 ParOldGen       total 263168K, used 210723K [0x00000000a0000000, 0x00000000b0100000, 0x00000000e0000000)
  object space 263168K, 80% used [0x00000000a0000000,0x00000000acdc8f58,0x00000000b0100000)
 Metaspace       used 116264K, capacity 120220K, committed 120920K, reserved 1155072K
  class space    used 14029K, capacity 14812K, committed 14976K, reserved 1048576K
Event: 9397.389 GC heap after
Heap after GC invocations=73 (full 7):
 PSYoungGen      total 416256K, used 14448K [0x00000000e0000000, 0x00000000ff000000, 0x0000000100000000)
  eden space 338944K, 0% used [0x00000000e0000000,0x00000000e0000000,0x00000000f4b00000)
  from space 77312K, 18% used [0x00000000fa480000,0x00000000fb29c010,0x00000000ff000000)
  to   space 84480K, 0% used [0x00000000f4b00000,0x00000000f4b00000,0x00000000f9d80000)
 ParOldGen       total 263168K, used 210731K [0x00000000a0000000, 0x00000000b0100000, 0x00000000e0000000)
  object space 263168K, 80% used [0x00000000a0000000,0x00000000acdcaf58,0x00000000b0100000)
 Metaspace       used 116264K, capacity 120220K, committed 120920K, reserved 1155072K
  class space    used 14029K, capacity 14812K, committed 14976K, reserved 1048576K
}
Event: 9397.932 GC heap before
{Heap before GC invocations=74 (full 7):
 PSYoungGen      total 416256K, used 353392K [0x00000000e0000000, 0x00000000ff000000, 0x0000000100000000)
  eden space 338944K, 100% used [0x00000000e0000000,0x00000000f4b00000,0x00000000f4b00000)
  from space 77312K, 18% used [0x00000000fa480000,0x00000000fb29c010,0x00000000ff000000)
  to   space 84480K, 0% used [0x00000000f4b00000,0x00000000f4b00000,0x00000000f9d80000)
 ParOldGen       total 263168K, used 210731K [0x00000000a0000000, 0x00000000b0100000, 0x00000000e0000000)
  object space 263168K, 80% used [0x00000000a0000000,0x00000000acdcaf58,0x00000000b0100000)
 Metaspace       used 116266K, capacity 120220K, committed 120920K, reserved 1155072K
  class space    used 14029K, capacity 14812K, committed 14976K, reserved 1048576K
Event: 9397.954 GC heap after
Heap after GC invocations=74 (full 7):
 PSYoungGen      total 423424K, used 16192K [0x00000000e0000000, 0x00000000ffd00000, 0x0000000100000000)
  eden space 338944K, 0% used [0x00000000e0000000,0x00000000e0000000,0x00000000f4b00000)
  from space 84480K, 19% used [0x00000000f4b00000,0x00000000f5ad0000,0x00000000f9d80000)
  to   space 79360K, 0% used [0x00000000faf80000,0x00000000faf80000,0x00000000ffd00000)
 ParOldGen       total 263168K, used 210739K [0x00000000a0000000, 0x00000000b0100000, 0x00000000e0000000)
  object space 263168K, 80% used [0x00000000a0000000,0x00000000acdccf58,0x00000000b0100000)
 Metaspace       used 116266K, capacity 120220K, committed 120920K, reserved 1155072K
  class space    used 14029K, capacity 14812K, committed 14976K, reserved 1048576K
}
Event: 9399.077 GC heap before
{Heap before GC invocations=75 (full 7):
 PSYoungGen      total 423424K, used 355136K [0x00000000e0000000, 0x00000000ffd00000, 0x0000000100000000)
  eden space 338944K, 100% used [0x00000000e0000000,0x00000000f4b00000,0x00000000f4b00000)
  from space 84480K, 19% used [0x00000000f4b00000,0x00000000f5ad0000,0x00000000f9d80000)
  to   space 79360K, 0% used [0x00000000faf80000,0x00000000faf80000,0x00000000ffd00000)
 ParOldGen       total 263168K, used 210739K [0x00000000a0000000, 0x00000000b0100000, 0x00000000e0000000)
  object space 263168K, 80% used [0x00000000a0000000,0x00000000acdccf58,0x00000000b0100000)
 Metaspace       used 116276K, capacity 120252K, committed 120920K, reserved 1155072K
  class space    used 14029K, capacity 14844K, committed 14976K, reserved 1048576K
Event: 9399.124 GC heap after
Heap after GC invocations=75 (full 7):
 PSYoungGen      total 426496K, used 22020K [0x00000000e0000000, 0x00000000ff000000, 0x0000000100000000)
  eden space 360448K, 0% used [0x00000000e0000000,0x00000000e0000000,0x00000000f6000000)
  from space 66048K, 33% used [0x00000000faf80000,0x00000000fc501140,0x00000000ff000000)
  to   space 73728K, 0% used [0x00000000f6000000,0x00000000f6000000,0x00000000fa800000)
 ParOldGen       total 263168K, used 212795K [0x00000000a0000000, 0x00000000b0100000, 0x00000000e0000000)
  object space 263168K, 80% used [0x00000000a0000000,0x00000000acfcef58,0x00000000b0100000)
 Metaspace       used 116276K, capacity 120252K, committed 120920K, reserved 1155072K
  class space    used 14029K, capacity 14844K, committed 14976K, reserved 1048576K
}

