# JRE version: OpenJDK Runtime Environment (8.0_152-b02) (build 1.8.0_152-release-1024-b02)
# Java VM: OpenJDK 64-Bit Server VM (25.152-b02 mixed mode windows-amd64 compressed oops)
Heap:
 PSYoungGen      total 133120K, used 126279K [0x00000000e0000000, 0x00000000e9180000, 0x0000000100000000)
  eden space 121344K, 94% used [0x00000000e0000000,0x00000000e6fd7950,0x00000000e7680000)
  from space 11776K, 99% used [0x00000000e8600000,0x00000000e917a460,0x00000000e9180000)
  to   space 8704K, 0% used [0x00000000e7680000,0x00000000e7680000,0x00000000e7f00000)
 ParOldGen       total 61440K, used 21082K [0x00000000a0000000, 0x00000000a3c00000, 0x00000000e0000000)
  object space 61440K, 34% used [0x00000000a0000000,0x00000000a1496898,0x00000000a3c00000)
 Metaspace       used 50094K, capacity 51494K, committed 51712K, reserved 1093632K
  class space    used 6826K, capacity 7166K, committed 7168K, reserved 1048576K
GC Heap History (10 events):
Event: 3.795 GC heap before
{Heap before GC invocations=8 (full 1):
 PSYoungGen      total 69632K, used 5969K [0x00000000e0000000, 0x00000000e8800000, 0x0000000100000000)
  eden space 61952K, 0% used [0x00000000e0000000,0x00000000e0000000,0x00000000e3c80000)
  from space 7680K, 77% used [0x00000000e3c80000,0x00000000e4254638,0x00000000e4400000)
  to   space 7680K, 0% used [0x00000000e8080000,0x00000000e8080000,0x00000000e8800000)
 ParOldGen       total 42496K, used 7498K [0x00000000a0000000, 0x00000000a2980000, 0x00000000e0000000)
  object space 42496K, 17% used [0x00000000a0000000,0x00000000a0752bc8,0x00000000a2980000)
 Metaspace       used 20819K, capacity 21204K, committed 21248K, reserved 1067008K
  class space    used 2907K, capacity 3042K, committed 3072K, reserved 1048576K
Event: 3.845 GC heap after
Heap after GC invocations=8 (full 1):
 PSYoungGen      total 69632K, used 0K [0x00000000e0000000, 0x00000000e8800000, 0x0000000100000000)
  eden space 61952K, 0% used [0x00000000e0000000,0x00000000e0000000,0x00000000e3c80000)
  from space 7680K, 0% used [0x00000000e3c80000,0x00000000e3c80000,0x00000000e4400000)
  to   space 7680K, 0% used [0x00000000e8080000,0x00000000e8080000,0x00000000e8800000)
 ParOldGen       total 37376K, used 10748K [0x00000000a0000000, 0x00000000a2480000, 0x00000000e0000000)
  object space 37376K, 28% used [0x00000000a0000000,0x00000000a0a7f0a0,0x00000000a2480000)
 Metaspace       used 20819K, capacity 21204K, committed 21248K, reserved 1067008K
  class space    used 2907K, capacity 3042K, committed 3072K, reserved 1048576K
}
Event: 5.100 GC heap before
{Heap before GC invocations=9 (full 1):
 PSYoungGen      total 69632K, used 61952K [0x00000000e0000000, 0x00000000e8800000, 0x0000000100000000)
  eden space 61952K, 100% used [0x00000000e0000000,0x00000000e3c80000,0x00000000e3c80000)
  from space 7680K, 0% used [0x00000000e3c80000,0x00000000e3c80000,0x00000000e4400000)
  to   space 7680K, 0% used [0x00000000e8080000,0x00000000e8080000,0x00000000e8800000)
 ParOldGen       total 37376K, used 10748K [0x00000000a0000000, 0x00000000a2480000, 0x00000000e0000000)
  object space 37376K, 28% used [0x00000000a0000000,0x00000000a0a7f0a0,0x00000000a2480000)
 Metaspace       used 26367K, capacity 26894K, committed 27136K, reserved 1073152K
  class space    used 3622K, capacity 3799K, committed 3840K, reserved 1048576K
Event: 5.111 GC heap after
Heap after GC invocations=9 (full 1):
 PSYoungGen      total 102912K, used 7004K [0x00000000e0000000, 0x00000000e8780000, 0x0000000100000000)
  eden space 95744K, 0% used [0x00000000e0000000,0x00000000e0000000,0x00000000e5d80000)
  from space 7168K, 97% used [0x00000000e8080000,0x00000000e8757330,0x00000000e8780000)
  to   space 8704K, 0% used [0x00000000e7680000,0x00000000e7680000,0x00000000e7f00000)
 ParOldGen       total 37376K, used 10756K [0x00000000a0000000, 0x00000000a2480000, 0x00000000e0000000)
  object space 37376K, 28% used [0x00000000a0000000,0x00000000a0a810a0,0x00000000a2480000)
 Metaspace       used 26367K, capacity 26894K, committed 27136K, reserved 1073152K
  class space    used 3622K, capacity 3799K, committed 3840K, reserved 1048576K
}
Event: 7.071 GC heap before
{Heap before GC invocations=10 (full 1):
 PSYoungGen      total 102912K, used 98550K [0x00000000e0000000, 0x00000000e8780000, 0x0000000100000000)
  eden space 95744K, 95% used [0x00000000e0000000,0x00000000e5966628,0x00000000e5d80000)
  from space 7168K, 97% used [0x00000000e8080000,0x00000000e8757330,0x00000000e8780000)
  to   space 8704K, 0% used [0x00000000e7680000,0x00000000e7680000,0x00000000e7f00000)
 ParOldGen       total 37376K, used 10756K [0x00000000a0000000, 0x00000000a2480000, 0x00000000e0000000)
  object space 37376K, 28% used [0x00000000a0000000,0x00000000a0a810a0,0x00000000a2480000)
 Metaspace       used 34758K, capacity 35282K, committed 35416K, reserved 1079296K
  class space    used 4792K, capacity 5003K, committed 5120K, reserved 1048576K
Event: 7.087 GC heap after
Heap after GC invocations=10 (full 1):
 PSYoungGen      total 130048K, used 8701K [0x00000000e0000000, 0x00000000e9180000, 0x0000000100000000)
  eden space 121344K, 0% used [0x00000000e0000000,0x00000000e0000000,0x00000000e7680000)
  from space 8704K, 99% used [0x00000000e7680000,0x00000000e7eff588,0x00000000e7f00000)
  to   space 11776K, 0% used [0x00000000e8600000,0x00000000e8600000,0x00000000e9180000)
 ParOldGen       total 37376K, used 15193K [0x00000000a0000000, 0x00000000a2480000, 0x00000000e0000000)
  object space 37376K, 40% used [0x00000000a0000000,0x00000000a0ed6588,0x00000000a2480000)
 Metaspace       used 34758K, capacity 35282K, committed 35416K, reserved 1079296K
  class space    used 4792K, capacity 5003K, committed 5120K, reserved 1048576K
}
Event: 7.087 GC heap before
{Heap before GC invocations=11 (full 2):
 PSYoungGen      total 130048K, used 8701K [0x00000000e0000000, 0x00000000e9180000, 0x0000000100000000)
  eden space 121344K, 0% used [0x00000000e0000000,0x00000000e0000000,0x00000000e7680000)
  from space 8704K, 99% used [0x00000000e7680000,0x00000000e7eff588,0x00000000e7f00000)
  to   space 11776K, 0% used [0x00000000e8600000,0x00000000e8600000,0x00000000e9180000)
 ParOldGen       total 37376K, used 15193K [0x00000000a0000000, 0x00000000a2480000, 0x00000000e0000000)
  object space 37376K, 40% used [0x00000000a0000000,0x00000000a0ed6588,0x00000000a2480000)
 Metaspace       used 34758K, capacity 35282K, committed 35416K, reserved 1079296K
  class space    used 4792K, capacity 5003K, committed 5120K, reserved 1048576K
Event: 7.180 GC heap after
Heap after GC invocations=11 (full 2):
 PSYoungGen      total 130048K, used 0K [0x00000000e0000000, 0x00000000e9180000, 0x0000000100000000)
  eden space 121344K, 0% used [0x00000000e0000000,0x00000000e0000000,0x00000000e7680000)
  from space 8704K, 0% used [0x00000000e7680000,0x00000000e7680000,0x00000000e7f00000)
  to   space 11776K, 0% used [0x00000000e8600000,0x00000000e8600000,0x00000000e9180000)
 ParOldGen       total 61440K, used 19443K [0x00000000a0000000, 0x00000000a3c00000, 0x00000000e0000000)
  object space 61440K, 31% used [0x00000000a0000000,0x00000000a12fcc20,0x00000000a3c00000)
 Metaspace       used 34758K, capacity 35282K, committed 35416K, reserved 1079296K
  class space    used 4792K, capacity 5003K, committed 5120K, reserved 1048576K
}
Event: 9.226 GC heap before
{Heap before GC invocations=12 (full 2):
 PSYoungGen      total 130048K, used 121344K [0x00000000e0000000, 0x00000000e9180000, 0x0000000100000000)
  eden space 121344K, 100% used [0x00000000e0000000,0x00000000e7680000,0x00000000e7680000)
  from space 8704K, 0% used [0x00000000e7680000,0x00000000e7680000,0x00000000e7f00000)
  to   space 11776K, 0% used [0x00000000e8600000,0x00000000e8600000,0x00000000e9180000)
 ParOldGen       total 61440K, used 19443K [0x00000000a0000000, 0x00000000a3c00000, 0x00000000e0000000)
  object space 61440K, 31% used [0x00000000a0000000,0x00000000a12fcc20,0x00000000a3c00000)
 Metaspace       used 42564K, capacity 43424K, committed 43648K, reserved 1087488K
  class space    used 5872K, capacity 6173K, committed 6272K, reserved 1048576K
Event: 9.250 GC heap after
Heap after GC invocations=12 (full 2):
 PSYoungGen      total 133120K, used 11753K [0x00000000e0000000, 0x00000000e9180000, 0x0000000100000000)
  eden space 121344K, 0% used [0x00000000e0000000,0x00000000e0000000,0x00000000e7680000)
  from space 11776K, 99% used [0x00000000e8600000,0x00000000e917a460,0x00000000e9180000)
  to   space 8704K, 0% used [0x00000000e7680000,0x00000000e7680000,0x00000000e7f00000)
 ParOldGen       total 61440K, used 21082K [0x00000000a0000000, 0x00000000a3c00000, 0x00000000e0000000)
  object space 61440K, 34% used [0x00000000a0000000,0x00000000a1496898,0x00000000a3c00000)
 Metaspace       used 42564K, capacity 43424K, committed 43648K, reserved 1087488K
  class space    used 5872K, capacity 6173K, committed 6272K, reserved 1048576K
}

