# JRE version: OpenJDK Runtime Environment (8.0_152-b02) (build 1.8.0_152-release-1024-b02)
# Java VM: OpenJDK 64-Bit Server VM (25.152-b02 mixed mode windows-amd64 compressed oops)
Heap:
 PSYoungGen      total 145920K, used 16999K [0x00000000e0000000, 0x00000000ef080000, 0x0000000100000000)
  eden space 129536K, 13% used [0x00000000e0000000,0x00000000e1099d80,0x00000000e7e80000)
  from space 16384K, 0% used [0x00000000e9e80000,0x00000000e9e80000,0x00000000eae80000)
  to   space 32768K, 0% used [0x00000000e7e80000,0x00000000e7e80000,0x00000000e9e80000)
 ParOldGen       total 65536K, used 65035K [0x00000000a0000000, 0x00000000a4000000, 0x00000000e0000000)
  object space 65536K, 99% used [0x00000000a0000000,0x00000000a3f82f58,0x00000000a4000000)
 Metaspace       used 67349K, capacity 69542K, committed 69720K, reserved 1110016K
  class space    used 8996K, capacity 9498K, committed 9600K, reserved 1048576K
GC Heap History (10 events):
Event: 16.985 GC heap before
{Heap before GC invocations=16 (full 2):
 PSYoungGen      total 162304K, used 37388K [0x00000000e0000000, 0x00000000eaf80000, 0x0000000100000000)
  eden space 145408K, 15% used [0x00000000e0000000,0x00000000e1597398,0x00000000e8e00000)
  from space 16896K, 90% used [0x00000000e8e00000,0x00000000e9cec030,0x00000000e9e80000)
  to   space 16384K, 0% used [0x00000000e9e80000,0x00000000e9e80000,0x00000000eae80000)
 ParOldGen       total 62464K, used 36516K [0x00000000a0000000, 0x00000000a3d00000, 0x00000000e0000000)
  object space 62464K, 58% used [0x00000000a0000000,0x00000000a23a9260,0x00000000a3d00000)
 Metaspace       used 57171K, capacity 58842K, committed 59028K, reserved 1099776K
  class space    used 7784K, capacity 8178K, committed 8192K, reserved 1048576K
Event: 17.005 GC heap after
Heap after GC invocations=16 (full 2):
 PSYoungGen      total 161792K, used 16353K [0x00000000e0000000, 0x00000000eaf80000, 0x0000000100000000)
  eden space 145408K, 0% used [0x00000000e0000000,0x00000000e0000000,0x00000000e8e00000)
  from space 16384K, 99% used [0x00000000e9e80000,0x00000000eae785c8,0x00000000eae80000)
  to   space 16896K, 0% used [0x00000000e8e00000,0x00000000e8e00000,0x00000000e9e80000)
 ParOldGen       total 62464K, used 36723K [0x00000000a0000000, 0x00000000a3d00000, 0x00000000e0000000)
  object space 62464K, 58% used [0x00000000a0000000,0x00000000a23dcd08,0x00000000a3d00000)
 Metaspace       used 57171K, capacity 58842K, committed 59028K, reserved 1099776K
  class space    used 7784K, capacity 8178K, committed 8192K, reserved 1048576K
}
Event: 17.005 GC heap before
{Heap before GC invocations=17 (full 3):
 PSYoungGen      total 161792K, used 16353K [0x00000000e0000000, 0x00000000eaf80000, 0x0000000100000000)
  eden space 145408K, 0% used [0x00000000e0000000,0x00000000e0000000,0x00000000e8e00000)
  from space 16384K, 99% used [0x00000000e9e80000,0x00000000eae785c8,0x00000000eae80000)
  to   space 16896K, 0% used [0x00000000e8e00000,0x00000000e8e00000,0x00000000e9e80000)
 ParOldGen       total 62464K, used 36723K [0x00000000a0000000, 0x00000000a3d00000, 0x00000000e0000000)
  object space 62464K, 58% used [0x00000000a0000000,0x00000000a23dcd08,0x00000000a3d00000)
 Metaspace       used 57171K, capacity 58842K, committed 59028K, reserved 1099776K
  class space    used 7784K, capacity 8178K, committed 8192K, reserved 1048576K
Event: 17.275 GC heap after
Heap after GC invocations=17 (full 3):
 PSYoungGen      total 161792K, used 0K [0x00000000e0000000, 0x00000000eaf80000, 0x0000000100000000)
  eden space 145408K, 0% used [0x00000000e0000000,0x00000000e0000000,0x00000000e8e00000)
  from space 16384K, 0% used [0x00000000e9e80000,0x00000000e9e80000,0x00000000eae80000)
  to   space 16896K, 0% used [0x00000000e8e00000,0x00000000e8e00000,0x00000000e9e80000)
 ParOldGen       total 62464K, used 39936K [0x00000000a0000000, 0x00000000a3d00000, 0x00000000e0000000)
  object space 62464K, 63% used [0x00000000a0000000,0x00000000a2700170,0x00000000a3d00000)
 Metaspace       used 57171K, capacity 58842K, committed 59028K, reserved 1099776K
  class space    used 7784K, capacity 8178K, committed 8192K, reserved 1048576K
}
Event: 21.566 GC heap before
{Heap before GC invocations=18 (full 3):
 PSYoungGen      total 161792K, used 145408K [0x00000000e0000000, 0x00000000eaf80000, 0x0000000100000000)
  eden space 145408K, 100% used [0x00000000e0000000,0x00000000e8e00000,0x00000000e8e00000)
  from space 16384K, 0% used [0x00000000e9e80000,0x00000000e9e80000,0x00000000eae80000)
  to   space 16896K, 0% used [0x00000000e8e00000,0x00000000e8e00000,0x00000000e9e80000)
 ParOldGen       total 62464K, used 39936K [0x00000000a0000000, 0x00000000a3d00000, 0x00000000e0000000)
  object space 62464K, 63% used [0x00000000a0000000,0x00000000a2700170,0x00000000a3d00000)
 Metaspace       used 59559K, capacity 61242K, committed 61400K, reserved 1101824K
  class space    used 7916K, capacity 8338K, committed 8448K, reserved 1048576K
Event: 21.657 GC heap after
Heap after GC invocations=18 (full 3):
 PSYoungGen      total 162304K, used 16894K [0x00000000e0000000, 0x00000000eaf80000, 0x0000000100000000)
  eden space 145408K, 0% used [0x00000000e0000000,0x00000000e0000000,0x00000000e8e00000)
  from space 16896K, 99% used [0x00000000e8e00000,0x00000000e9e7faf0,0x00000000e9e80000)
  to   space 16384K, 0% used [0x00000000e9e80000,0x00000000e9e80000,0x00000000eae80000)
 ParOldGen       total 62464K, used 43834K [0x00000000a0000000, 0x00000000a3d00000, 0x00000000e0000000)
  object space 62464K, 70% used [0x00000000a0000000,0x00000000a2acea80,0x00000000a3d00000)
 Metaspace       used 59559K, capacity 61242K, committed 61400K, reserved 1101824K
  class space    used 7916K, capacity 8338K, committed 8448K, reserved 1048576K
}
Event: 25.478 GC heap before
{Heap before GC invocations=19 (full 3):
 PSYoungGen      total 162304K, used 162302K [0x00000000e0000000, 0x00000000eaf80000, 0x0000000100000000)
  eden space 145408K, 100% used [0x00000000e0000000,0x00000000e8e00000,0x00000000e8e00000)
  from space 16896K, 99% used [0x00000000e8e00000,0x00000000e9e7faf0,0x00000000e9e80000)
  to   space 16384K, 0% used [0x00000000e9e80000,0x00000000e9e80000,0x00000000eae80000)
 ParOldGen       total 62464K, used 43834K [0x00000000a0000000, 0x00000000a3d00000, 0x00000000e0000000)
  object space 62464K, 70% used [0x00000000a0000000,0x00000000a2acea80,0x00000000a3d00000)
 Metaspace       used 66540K, capacity 68734K, committed 69080K, reserved 1110016K
  class space    used 8856K, capacity 9364K, committed 9472K, reserved 1048576K
Event: 25.519 GC heap after
Heap after GC invocations=19 (full 3):
 PSYoungGen      total 145920K, used 16369K [0x00000000e0000000, 0x00000000ef080000, 0x0000000100000000)
  eden space 129536K, 0% used [0x00000000e0000000,0x00000000e0000000,0x00000000e7e80000)
  from space 16384K, 99% used [0x00000000e9e80000,0x00000000eae7c608,0x00000000eae80000)
  to   space 32768K, 0% used [0x00000000e7e80000,0x00000000e7e80000,0x00000000e9e80000)
 ParOldGen       total 65536K, used 65373K [0x00000000a0000000, 0x00000000a4000000, 0x00000000e0000000)
  object space 65536K, 99% used [0x00000000a0000000,0x00000000a3fd76d8,0x00000000a4000000)
 Metaspace       used 66540K, capacity 68734K, committed 69080K, reserved 1110016K
  class space    used 8856K, capacity 9364K, committed 9472K, reserved 1048576K
}
Event: 25.519 GC heap before
{Heap before GC invocations=20 (full 4):
 PSYoungGen      total 145920K, used 16369K [0x00000000e0000000, 0x00000000ef080000, 0x0000000100000000)
  eden space 129536K, 0% used [0x00000000e0000000,0x00000000e0000000,0x00000000e7e80000)
  from space 16384K, 99% used [0x00000000e9e80000,0x00000000eae7c608,0x00000000eae80000)
  to   space 32768K, 0% used [0x00000000e7e80000,0x00000000e7e80000,0x00000000e9e80000)
 ParOldGen       total 65536K, used 65373K [0x00000000a0000000, 0x00000000a4000000, 0x00000000e0000000)
  object space 65536K, 99% used [0x00000000a0000000,0x00000000a3fd76d8,0x00000000a4000000)
 Metaspace       used 66540K, capacity 68734K, committed 69080K, reserved 1110016K
  class space    used 8856K, capacity 9364K, committed 9472K, reserved 1048576K
Event: 25.835 GC heap after
Heap after GC invocations=20 (full 4):
 PSYoungGen      total 145920K, used 0K [0x00000000e0000000, 0x00000000ef080000, 0x0000000100000000)
  eden space 129536K, 0% used [0x00000000e0000000,0x00000000e0000000,0x00000000e7e80000)
  from space 16384K, 0% used [0x00000000e9e80000,0x00000000e9e80000,0x00000000eae80000)
  to   space 32768K, 0% used [0x00000000e7e80000,0x00000000e7e80000,0x00000000e9e80000)
 ParOldGen       total 65536K, used 65035K [0x00000000a0000000, 0x00000000a4000000, 0x00000000e0000000)
  object space 65536K, 99% used [0x00000000a0000000,0x00000000a3f82f58,0x00000000a4000000)
 Metaspace       used 66511K, capacity 68658K, committed 69080K, reserved 1110016K
  class space    used 8846K, capacity 9346K, committed 9472K, reserved 1048576K
}

